<?xml version="1.0" encoding="UTF-8"?>
<!-- Generated by org.testng.reporters.JUnitReportReporter -->
<testsuite hostname="DELL-PC" failures="0" tests="2" name="DataprovidewithoutExcel.dataprovidernoexcel" time="16.776" errors="0" timestamp="2020-04-18T01:07:50 IST" skipped="0">
  <testcase classname="DataprovidewithoutExcel.dataprovidernoexcel" name="Schoolinfo" time="7.352"/>
  <testcase classname="DataprovidewithoutExcel.dataprovidernoexcel" name="Schoolinfo" time="9.424"/>
</testsuite> <!-- DataprovidewithoutExcel.dataprovidernoexcel -->
