<?xml version="1.0" encoding="UTF-8"?>
<!-- Generated by org.testng.reporters.JUnitReportReporter -->
<testsuite hostname="DELL-PC" failures="0" tests="1" name="TestNGPackage.NewTest" time="0.020" errors="0" timestamp="2020-04-17T01:36:51 IST" skipped="0">
  <testcase classname="TestNGPackage.NewTest" name="TitleofPage" time="0.020"/>
</testsuite> <!-- TestNGPackage.NewTest -->
