<?xml version="1.0" encoding="UTF-8"?>
<!-- Generated by org.testng.reporters.JUnitReportReporter -->
<testsuite hostname="DELL-PC" failures="0" tests="4" name="ExcelDataprovider.Excel_dataprovider" time="29.591" errors="0" timestamp="2020-05-04T11:29:49 IST" skipped="1">
  <testcase classname="ExcelDataprovider.Excel_dataprovider" name="Exceldata_enquiry" time="7.763">
    <skipped/>
  </testcase> <!-- Exceldata_enquiry -->
  <testcase classname="ExcelDataprovider.Excel_dataprovider" name="Schooldatainfo" time="12.076"/>
  <testcase classname="ExcelDataprovider.Excel_dataprovider" name="Schooldatainfo" time="8.722"/>
  <testcase classname="ExcelDataprovider.Excel_dataprovider" name="Schooldatainfo" time="1.030"/>
</testsuite> <!-- ExcelDataprovider.Excel_dataprovider -->
