<?xml version="1.0" encoding="UTF-8"?>
<!-- Generated by org.testng.reporters.JUnitReportReporter -->
<testsuite hostname="DELL-PC" failures="0" tests="4" name="Enableddisabled.ENable_disabled_selected" time="62.374" errors="0" timestamp="2020-05-04T15:55:28 IST" skipped="0">
  <testcase classname="Enableddisabled.ENable_disabled_selected" name="pageTitle" time="8.918"/>
  <testcase classname="Enableddisabled.ENable_disabled_selected" name="Isdisplayedmethod" time="16.967"/>
  <testcase classname="Enableddisabled.ENable_disabled_selected" name="Ienabledmethod" time="19.919"/>
  <testcase classname="Enableddisabled.ENable_disabled_selected" name="Isenabledmethod" time="16.570"/>
</testsuite> <!-- Enableddisabled.ENable_disabled_selected -->
