<?xml version="1.0" encoding="UTF-8"?>
<!-- Generated by org.testng.reporters.JUnitReportReporter -->
<testsuite hostname="DELL-PC" failures="0" tests="1" name="CrossBrowser.CrossBrowser_Test" time="27.484" errors="0" timestamp="2020-05-04T23:37:38 IST" skipped="0">
  <testcase classname="CrossBrowser.CrossBrowser_Test" name="Automationpractiseform" time="27.484"/>
</testsuite> <!-- CrossBrowser.CrossBrowser_Test -->
