<?xml version="1.0" encoding="UTF-8"?>
<!-- Generated by org.testng.reporters.JUnitReportReporter -->
<testsuite hostname="DELL-PC" failures="0" tests="2" name="Navigatetoback.NAvigation" time="42.975" errors="0" timestamp="2020-05-04T16:21:44 IST" skipped="0">
  <testcase classname="Navigatetoback.NAvigation" name="NavigationURL" time="21.840"/>
  <testcase classname="Navigatetoback.NAvigation" name="NAvigationcheck" time="21.135"/>
</testsuite> <!-- Navigatetoback.NAvigation -->
