<?xml version="1.0" encoding="UTF-8"?>
<!-- Generated by org.testng.reporters.JUnitReportReporter -->
<testsuite hostname="DELL-PC" failures="0" tests="1" name="XMLdemo.xmldemo1" time="36.465" errors="0" timestamp="2020-05-14T23:47:38 IST" skipped="0">
  <testcase classname="XMLdemo.xmldemo1" name="loginyahoo" time="36.465"/>
</testsuite> <!-- XMLdemo.xmldemo1 -->
