<?xml version="1.0" encoding="UTF-8"?>
<!-- Generated by org.testng.reporters.JUnitReportReporter -->
<testsuite hostname="DELL-PC" failures="0" tests="1" name="ExcelReading1.EXcel_reading" time="0.000" errors="0" timestamp="2020-05-04T13:13:14 IST" skipped="1">
  <testcase classname="ExcelReading1.EXcel_reading" name="SchoolEnquiry" time="0.000">
    <skipped/>
  </testcase> <!-- SchoolEnquiry -->
</testsuite> <!-- ExcelReading1.EXcel_reading -->
