<?xml version="1.0" encoding="UTF-8"?>
<!-- Generated by org.testng.reporters.JUnitReportReporter -->
<testsuite hostname="DELL-PC" failures="0" tests="2" name="Loggenerateddemo.logsfiledemo" time="22.592" errors="0" timestamp="2020-05-11T23:15:09 IST" skipped="0">
  <testcase classname="Loggenerateddemo.logsfiledemo" name="Totallink" time="11.557"/>
  <testcase classname="Loggenerateddemo.logsfiledemo" name="Pagetitle" time="11.035"/>
</testsuite> <!-- Loggenerateddemo.logsfiledemo -->
