<?xml version="1.0" encoding="UTF-8"?>
<!-- Generated by org.testng.reporters.JUnitReportReporter -->
<testsuite hostname="DELL-PC" failures="0" tests="4" name="XMLdemo.xmldemo2" time="76.080" errors="0" timestamp="2020-05-14T23:47:38 IST" skipped="0">
  <testcase classname="XMLdemo.xmldemo2" name="gettitle" time="9.365"/>
  <testcase classname="XMLdemo.xmldemo2" name="pagesourcemethod" time="32.276"/>
  <testcase classname="XMLdemo.xmldemo2" name="gettitle" time="13.249"/>
  <testcase classname="XMLdemo.xmldemo2" name="gettitle" time="21.190"/>
</testsuite> <!-- XMLdemo.xmldemo2 -->
