<?xml version="1.0" encoding="UTF-8"?>
<!-- Generated by org.testng.reporters.JUnitReportReporter -->
<testsuite hostname="DELL-PC" failures="0" tests="7" name="TestNGPackage.TestNGclassfirst" time="118.966" errors="0" timestamp="2020-04-16T00:09:46 IST" skipped="0">
  <testcase classname="TestNGPackage.TestNGclassfirst" name="numberexception" time="12.307"/>
  <testcase classname="TestNGPackage.TestNGclassfirst" name="URLofPage" time="12.241"/>
  <testcase classname="TestNGPackage.TestNGclassfirst" name="URLofPage" time="13.574"/>
  <testcase classname="TestNGPackage.TestNGclassfirst" name="URLofPage" time="13.918"/>
  <testcase classname="TestNGPackage.TestNGclassfirst" name="TitleofPage" time="14.039"/>
  <testcase classname="TestNGPackage.TestNGclassfirst" name="movetoshopbycategory" time="24.812"/>
  <testcase classname="TestNGPackage.TestNGclassfirst" name="linkcount" time="28.075"/>
</testsuite> <!-- TestNGPackage.TestNGclassfirst -->
